[0.000000] (-) TimerEvent: {}
[0.000172] (cpp_pubsub) JobQueued: {'identifier': 'cpp_pubsub', 'dependencies': OrderedDict()}
[0.000228] (cpp_pubsub) JobStarted: {'identifier': 'cpp_pubsub'}
[0.010061] (cpp_pubsub) JobProgress: {'identifier': 'cpp_pubsub', 'progress': 'cmake'}
[0.010891] (cpp_pubsub) JobProgress: {'identifier': 'cpp_pubsub', 'progress': 'build'}
[0.011909] (cpp_pubsub) Command: {'cmd': ['/usr/bin/cmake', '--build', '/my_source/ros2_ws/build/cpp_pubsub', '--', '-j8', '-l8'], 'cwd': '/my_source/ros2_ws/build/cpp_pubsub', 'env': OrderedDict([('HOSTNAME', 'suyanne-550XBE-350XBE'), ('SHLVL', '1'), ('LD_LIBRARY_PATH', '/opt/ros/humble/lib/x86_64-linux-gnu:/opt/ros/humble/lib'), ('HOME', '/home/ros'), ('OLDPWD', '/'), ('ROS_PYTHON_VERSION', '3'), ('ROS_DISTRO', 'humble'), ('_', '/usr/bin/colcon'), ('ROS_VERSION', '2'), ('TERM', 'xterm'), ('ROS_LOCALHOST_ONLY', '0'), ('PATH', '/opt/ros/humble/bin:/usr/local/sbin:/usr/local/bin:/usr/sbin:/usr/bin:/sbin:/bin'), ('DISPLAY', ':0'), ('LANG', 'C.UTF-8'), ('AMENT_PREFIX_PATH', '/opt/ros/humble'), ('PWD', '/my_source/ros2_ws/build/cpp_pubsub'), ('LC_ALL', 'C.UTF-8'), ('PYTHONPATH', '/opt/ros/humble/lib/python3.10/site-packages:/opt/ros/humble/local/lib/python3.10/dist-packages'), ('COLCON', '1'), ('CMAKE_PREFIX_PATH', '/opt/ros/humble')]), 'shell': False}
[0.050005] (cpp_pubsub) StdoutLine: {'line': b'\x1b[35m\x1b[1mConsolidate compiler generated dependencies of target listener\x1b[0m\n'}
[0.050219] (cpp_pubsub) StdoutLine: {'line': b'\x1b[35m\x1b[1mConsolidate compiler generated dependencies of target talker\x1b[0m\n'}
[0.068103] (cpp_pubsub) StdoutLine: {'line': b'[100%] Built target listener\n'}
[0.068248] (cpp_pubsub) StdoutLine: {'line': b'[100%] Built target talker\n'}
[0.077662] (cpp_pubsub) CommandEnded: {'returncode': 0}
[0.098603] (-) TimerEvent: {}
[0.101209] (cpp_pubsub) JobProgress: {'identifier': 'cpp_pubsub', 'progress': 'install'}
[0.109159] (cpp_pubsub) Command: {'cmd': ['/usr/bin/cmake', '--install', '/my_source/ros2_ws/build/cpp_pubsub'], 'cwd': '/my_source/ros2_ws/build/cpp_pubsub', 'env': OrderedDict([('HOSTNAME', 'suyanne-550XBE-350XBE'), ('SHLVL', '1'), ('LD_LIBRARY_PATH', '/opt/ros/humble/lib/x86_64-linux-gnu:/opt/ros/humble/lib'), ('HOME', '/home/ros'), ('OLDPWD', '/'), ('ROS_PYTHON_VERSION', '3'), ('ROS_DISTRO', 'humble'), ('_', '/usr/bin/colcon'), ('ROS_VERSION', '2'), ('TERM', 'xterm'), ('ROS_LOCALHOST_ONLY', '0'), ('PATH', '/opt/ros/humble/bin:/usr/local/sbin:/usr/local/bin:/usr/sbin:/usr/bin:/sbin:/bin'), ('DISPLAY', ':0'), ('LANG', 'C.UTF-8'), ('AMENT_PREFIX_PATH', '/opt/ros/humble'), ('PWD', '/my_source/ros2_ws/build/cpp_pubsub'), ('LC_ALL', 'C.UTF-8'), ('PYTHONPATH', '/opt/ros/humble/lib/python3.10/site-packages:/opt/ros/humble/local/lib/python3.10/dist-packages'), ('COLCON', '1'), ('CMAKE_PREFIX_PATH', '/opt/ros/humble')]), 'shell': False}
[0.116394] (cpp_pubsub) StdoutLine: {'line': b'-- Install configuration: ""\n'}
[0.116653] (cpp_pubsub) StdoutLine: {'line': b'-- Up-to-date: /my_source/ros2_ws/install/cpp_pubsub/lib/cpp_pubsub/talker\n'}
[0.116970] (cpp_pubsub) StdoutLine: {'line': b'-- Up-to-date: /my_source/ros2_ws/install/cpp_pubsub/lib/cpp_pubsub/listener\n'}
[0.117299] (cpp_pubsub) StdoutLine: {'line': b'-- Up-to-date: /my_source/ros2_ws/install/cpp_pubsub/share/ament_index/resource_index/package_run_dependencies/cpp_pubsub\n'}
[0.117623] (cpp_pubsub) StdoutLine: {'line': b'-- Up-to-date: /my_source/ros2_ws/install/cpp_pubsub/share/ament_index/resource_index/parent_prefix_path/cpp_pubsub\n'}
[0.117787] (cpp_pubsub) StdoutLine: {'line': b'-- Up-to-date: /my_source/ros2_ws/install/cpp_pubsub/share/cpp_pubsub/environment/ament_prefix_path.sh\n'}
[0.117909] (cpp_pubsub) StdoutLine: {'line': b'-- Up-to-date: /my_source/ros2_ws/install/cpp_pubsub/share/cpp_pubsub/environment/ament_prefix_path.dsv\n'}
[0.118000] (cpp_pubsub) StdoutLine: {'line': b'-- Up-to-date: /my_source/ros2_ws/install/cpp_pubsub/share/cpp_pubsub/environment/path.sh\n'}
[0.118133] (cpp_pubsub) StdoutLine: {'line': b'-- Up-to-date: /my_source/ros2_ws/install/cpp_pubsub/share/cpp_pubsub/environment/path.dsv\n'}
[0.118338] (cpp_pubsub) StdoutLine: {'line': b'-- Up-to-date: /my_source/ros2_ws/install/cpp_pubsub/share/cpp_pubsub/local_setup.bash\n'}
[0.118470] (cpp_pubsub) StdoutLine: {'line': b'-- Up-to-date: /my_source/ros2_ws/install/cpp_pubsub/share/cpp_pubsub/local_setup.sh\n'}
[0.118549] (cpp_pubsub) StdoutLine: {'line': b'-- Up-to-date: /my_source/ros2_ws/install/cpp_pubsub/share/cpp_pubsub/local_setup.zsh\n'}
[0.118616] (cpp_pubsub) StdoutLine: {'line': b'-- Up-to-date: /my_source/ros2_ws/install/cpp_pubsub/share/cpp_pubsub/local_setup.dsv\n'}
[0.118666] (cpp_pubsub) StdoutLine: {'line': b'-- Installing: /my_source/ros2_ws/install/cpp_pubsub/share/cpp_pubsub/package.dsv\n'}
[0.118716] (cpp_pubsub) StdoutLine: {'line': b'-- Up-to-date: /my_source/ros2_ws/install/cpp_pubsub/share/ament_index/resource_index/packages/cpp_pubsub\n'}
[0.118766] (cpp_pubsub) StdoutLine: {'line': b'-- Up-to-date: /my_source/ros2_ws/install/cpp_pubsub/share/cpp_pubsub/cmake/cpp_pubsubConfig.cmake\n'}
[0.118815] (cpp_pubsub) StdoutLine: {'line': b'-- Up-to-date: /my_source/ros2_ws/install/cpp_pubsub/share/cpp_pubsub/cmake/cpp_pubsubConfig-version.cmake\n'}
[0.118865] (cpp_pubsub) StdoutLine: {'line': b'-- Up-to-date: /my_source/ros2_ws/install/cpp_pubsub/share/cpp_pubsub/package.xml\n'}
[0.120286] (cpp_pubsub) CommandEnded: {'returncode': 0}
[0.165971] (cpp_pubsub) JobEnded: {'identifier': 'cpp_pubsub', 'rc': 0}
[0.166651] (-) EventReactorShutdown: {}
