[0.156s] DEBUG:colcon:Command line arguments: ['/usr/bin/colcon', 'build']
[0.156s] DEBUG:colcon:Parsed command line arguments: Namespace(log_base=None, log_level=None, verb_name='build', build_base='build', install_base='install', merge_install=False, symlink_install=False, test_result_base=None, continue_on_error=False, executor='parallel', parallel_workers=8, event_handlers=None, ignore_user_meta=False, metas=['./colcon.meta'], base_paths=['.'], packages_ignore=None, packages_ignore_regex=None, paths=None, packages_up_to=None, packages_up_to_regex=None, packages_above=None, packages_above_and_dependencies=None, packages_above_depth=None, packages_select_by_dep=None, packages_skip_by_dep=None, packages_skip_up_to=None, packages_select_build_failed=False, packages_skip_build_finished=False, packages_select_test_failures=False, packages_skip_test_passed=False, packages_select=None, packages_skip=None, packages_select_regex=None, packages_skip_regex=None, packages_start=None, packages_end=None, cmake_args=None, cmake_target=None, cmake_target_skip_unavailable=False, cmake_clean_cache=False, cmake_clean_first=False, cmake_force_configure=False, ament_cmake_args=None, catkin_cmake_args=None, catkin_skip_building_tests=False, mixin_files=None, mixin=None, verb_parser=<colcon_mixin.mixin.mixin_argument.MixinArgumentDecorator object at 0x7bc5f1aea290>, verb_extension=<colcon_core.verb.build.BuildVerb object at 0x7bc5f1c6baf0>, main=<bound method BuildVerb.main of <colcon_core.verb.build.BuildVerb object at 0x7bc5f1c6baf0>>, mixin_verb=('build',))
[0.300s] Level 1:colcon.colcon_core.package_discovery:discover_packages(colcon_meta) check parameters
[0.300s] Level 1:colcon.colcon_core.package_discovery:discover_packages(recursive) check parameters
[0.300s] Level 1:colcon.colcon_core.package_discovery:discover_packages(ignore) check parameters
[0.300s] Level 1:colcon.colcon_core.package_discovery:discover_packages(path) check parameters
[0.300s] Level 1:colcon.colcon_core.package_discovery:discover_packages(colcon_meta) discover
[0.300s] Level 1:colcon.colcon_core.package_discovery:discover_packages(recursive) discover
[0.300s] INFO:colcon.colcon_core.package_discovery:Crawling recursively for packages in '/my_source/ros2_ws'
[0.301s] Level 1:colcon.colcon_core.package_identification:_identify(.) by extensions ['ignore', 'ignore_ament_install']
[0.301s] Level 1:colcon.colcon_core.package_identification:_identify(.) by extension 'ignore'
[0.301s] Level 1:colcon.colcon_core.package_identification:_identify(.) by extension 'ignore_ament_install'
[0.301s] Level 1:colcon.colcon_core.package_identification:_identify(.) by extensions ['colcon_pkg']
[0.301s] Level 1:colcon.colcon_core.package_identification:_identify(.) by extension 'colcon_pkg'
[0.301s] Level 1:colcon.colcon_core.package_identification:_identify(.) by extensions ['colcon_meta']
[0.301s] Level 1:colcon.colcon_core.package_identification:_identify(.) by extension 'colcon_meta'
[0.301s] Level 1:colcon.colcon_core.package_identification:_identify(.) by extensions ['ros']
[0.301s] Level 1:colcon.colcon_core.package_identification:_identify(.) by extension 'ros'
[0.315s] Level 1:colcon.colcon_core.package_identification:_identify(.) by extensions ['cmake', 'python']
[0.316s] Level 1:colcon.colcon_core.package_identification:_identify(.) by extension 'cmake'
[0.316s] Level 1:colcon.colcon_core.package_identification:_identify(.) by extension 'python'
[0.316s] Level 1:colcon.colcon_core.package_identification:_identify(.) by extensions ['python_setup_py']
[0.316s] Level 1:colcon.colcon_core.package_identification:_identify(.) by extension 'python_setup_py'
[0.316s] Level 1:colcon.colcon_core.package_identification:_identify(build) by extensions ['ignore', 'ignore_ament_install']
[0.316s] Level 1:colcon.colcon_core.package_identification:_identify(build) by extension 'ignore'
[0.316s] Level 1:colcon.colcon_core.package_identification:_identify(build) ignored
[0.316s] Level 1:colcon.colcon_core.package_identification:_identify(install) by extensions ['ignore', 'ignore_ament_install']
[0.316s] Level 1:colcon.colcon_core.package_identification:_identify(install) by extension 'ignore'
[0.316s] Level 1:colcon.colcon_core.package_identification:_identify(install) ignored
[0.316s] Level 1:colcon.colcon_core.package_identification:_identify(log) by extensions ['ignore', 'ignore_ament_install']
[0.316s] Level 1:colcon.colcon_core.package_identification:_identify(log) by extension 'ignore'
[0.316s] Level 1:colcon.colcon_core.package_identification:_identify(log) ignored
[0.316s] Level 1:colcon.colcon_core.package_identification:_identify(src) by extensions ['ignore', 'ignore_ament_install']
[0.317s] Level 1:colcon.colcon_core.package_identification:_identify(src) by extension 'ignore'
[0.317s] Level 1:colcon.colcon_core.package_identification:_identify(src) by extension 'ignore_ament_install'
[0.317s] Level 1:colcon.colcon_core.package_identification:_identify(src) by extensions ['colcon_pkg']
[0.317s] Level 1:colcon.colcon_core.package_identification:_identify(src) by extension 'colcon_pkg'
[0.317s] Level 1:colcon.colcon_core.package_identification:_identify(src) by extensions ['colcon_meta']
[0.317s] Level 1:colcon.colcon_core.package_identification:_identify(src) by extension 'colcon_meta'
[0.317s] Level 1:colcon.colcon_core.package_identification:_identify(src) by extensions ['ros']
[0.317s] Level 1:colcon.colcon_core.package_identification:_identify(src) by extension 'ros'
[0.317s] Level 1:colcon.colcon_core.package_identification:_identify(src) by extensions ['cmake', 'python']
[0.317s] Level 1:colcon.colcon_core.package_identification:_identify(src) by extension 'cmake'
[0.317s] Level 1:colcon.colcon_core.package_identification:_identify(src) by extension 'python'
[0.317s] Level 1:colcon.colcon_core.package_identification:_identify(src) by extensions ['python_setup_py']
[0.317s] Level 1:colcon.colcon_core.package_identification:_identify(src) by extension 'python_setup_py'
[0.317s] Level 1:colcon.colcon_core.package_identification:_identify(src/cpp_pubsub) by extensions ['ignore', 'ignore_ament_install']
[0.317s] Level 1:colcon.colcon_core.package_identification:_identify(src/cpp_pubsub) by extension 'ignore'
[0.317s] Level 1:colcon.colcon_core.package_identification:_identify(src/cpp_pubsub) by extension 'ignore_ament_install'
[0.317s] Level 1:colcon.colcon_core.package_identification:_identify(src/cpp_pubsub) by extensions ['colcon_pkg']
[0.317s] Level 1:colcon.colcon_core.package_identification:_identify(src/cpp_pubsub) by extension 'colcon_pkg'
[0.317s] Level 1:colcon.colcon_core.package_identification:_identify(src/cpp_pubsub) by extensions ['colcon_meta']
[0.317s] Level 1:colcon.colcon_core.package_identification:_identify(src/cpp_pubsub) by extension 'colcon_meta'
[0.317s] Level 1:colcon.colcon_core.package_identification:_identify(src/cpp_pubsub) by extensions ['ros']
[0.317s] Level 1:colcon.colcon_core.package_identification:_identify(src/cpp_pubsub) by extension 'ros'
[0.320s] DEBUG:colcon.colcon_core.package_identification:Package 'src/cpp_pubsub' with type 'ros.ament_cmake' and name 'cpp_pubsub'
[0.320s] Level 1:colcon.colcon_core.package_discovery:discover_packages(recursive) using defaults
[0.320s] Level 1:colcon.colcon_core.package_discovery:discover_packages(ignore) discover
[0.321s] Level 1:colcon.colcon_core.package_discovery:discover_packages(ignore) using defaults
[0.321s] Level 1:colcon.colcon_core.package_discovery:discover_packages(path) discover
[0.321s] Level 1:colcon.colcon_core.package_discovery:discover_packages(path) using defaults
[0.341s] Level 5:colcon.colcon_core.verb:set package 'cpp_pubsub' build argument 'cmake_args' from command line to 'None'
[0.341s] Level 5:colcon.colcon_core.verb:set package 'cpp_pubsub' build argument 'cmake_target' from command line to 'None'
[0.341s] Level 5:colcon.colcon_core.verb:set package 'cpp_pubsub' build argument 'cmake_target_skip_unavailable' from command line to 'False'
[0.341s] Level 5:colcon.colcon_core.verb:set package 'cpp_pubsub' build argument 'cmake_clean_cache' from command line to 'False'
[0.341s] Level 5:colcon.colcon_core.verb:set package 'cpp_pubsub' build argument 'cmake_clean_first' from command line to 'False'
[0.341s] Level 5:colcon.colcon_core.verb:set package 'cpp_pubsub' build argument 'cmake_force_configure' from command line to 'False'
[0.341s] Level 5:colcon.colcon_core.verb:set package 'cpp_pubsub' build argument 'ament_cmake_args' from command line to 'None'
[0.341s] Level 5:colcon.colcon_core.verb:set package 'cpp_pubsub' build argument 'catkin_cmake_args' from command line to 'None'
[0.341s] Level 5:colcon.colcon_core.verb:set package 'cpp_pubsub' build argument 'catkin_skip_building_tests' from command line to 'False'
[0.341s] DEBUG:colcon.colcon_core.verb:Building package 'cpp_pubsub' with the following arguments: {'ament_cmake_args': None, 'build_base': '/my_source/ros2_ws/build/cpp_pubsub', 'catkin_cmake_args': None, 'catkin_skip_building_tests': False, 'cmake_args': None, 'cmake_clean_cache': False, 'cmake_clean_first': False, 'cmake_force_configure': False, 'cmake_target': None, 'cmake_target_skip_unavailable': False, 'install_base': '/my_source/ros2_ws/install/cpp_pubsub', 'merge_install': False, 'path': '/my_source/ros2_ws/src/cpp_pubsub', 'symlink_install': False, 'test_result_base': None}
[0.341s] INFO:colcon.colcon_core.executor:Executing jobs using 'parallel' executor
[0.342s] DEBUG:colcon.colcon_parallel_executor.executor.parallel:run_until_complete
[0.343s] INFO:colcon.colcon_ros.task.ament_cmake.build:Building ROS package in '/my_source/ros2_ws/src/cpp_pubsub' with build type 'ament_cmake'
[0.343s] INFO:colcon.colcon_cmake.task.cmake.build:Building CMake package in '/my_source/ros2_ws/src/cpp_pubsub'
[0.346s] INFO:colcon.colcon_core.plugin_system:Skipping extension 'colcon_core.shell.bat': Not used on non-Windows systems
[0.347s] INFO:colcon.colcon_core.shell:Skip shell extension 'powershell' for command environment: Not usable outside of PowerShell
[0.347s] DEBUG:colcon.colcon_core.shell:Skip shell extension 'dsv' for command environment
[0.356s] DEBUG:colcon.colcon_core.event_handler.log_command:Invoking command in '/my_source/ros2_ws/build/cpp_pubsub': CMAKE_PREFIX_PATH=/opt/ros/humble /usr/bin/cmake --build /my_source/ros2_ws/build/cpp_pubsub -- -j8 -l8
[0.422s] DEBUG:colcon.colcon_core.event_handler.log_command:Invoked command in '/my_source/ros2_ws/build/cpp_pubsub' returned '0': CMAKE_PREFIX_PATH=/opt/ros/humble /usr/bin/cmake --build /my_source/ros2_ws/build/cpp_pubsub -- -j8 -l8
[0.453s] DEBUG:colcon.colcon_core.event_handler.log_command:Invoking command in '/my_source/ros2_ws/build/cpp_pubsub': CMAKE_PREFIX_PATH=/opt/ros/humble /usr/bin/cmake --install /my_source/ros2_ws/build/cpp_pubsub
[0.463s] Level 1:colcon.colcon_core.environment:create_environment_scripts_only(cpp_pubsub)
[0.464s] DEBUG:colcon.colcon_core.event_handler.log_command:Invoked command in '/my_source/ros2_ws/build/cpp_pubsub' returned '0': CMAKE_PREFIX_PATH=/opt/ros/humble /usr/bin/cmake --install /my_source/ros2_ws/build/cpp_pubsub
[0.467s] Level 1:colcon.colcon_core.environment:checking '/my_source/ros2_ws/install/cpp_pubsub' for CMake module files
[0.467s] Level 1:colcon.colcon_core.environment:checking '/my_source/ros2_ws/install/cpp_pubsub' for CMake config files
[0.468s] Level 1:colcon.colcon_core.shell:create_environment_hook('cpp_pubsub', 'cmake_prefix_path')
[0.468s] INFO:colcon.colcon_core.shell:Creating environment hook '/my_source/ros2_ws/install/cpp_pubsub/share/cpp_pubsub/hook/cmake_prefix_path.ps1'
[0.469s] INFO:colcon.colcon_core.shell:Creating environment descriptor '/my_source/ros2_ws/install/cpp_pubsub/share/cpp_pubsub/hook/cmake_prefix_path.dsv'
[0.469s] INFO:colcon.colcon_core.shell:Creating environment hook '/my_source/ros2_ws/install/cpp_pubsub/share/cpp_pubsub/hook/cmake_prefix_path.sh'
[0.470s] Level 1:colcon.colcon_core.environment:checking '/my_source/ros2_ws/install/cpp_pubsub/lib'
[0.471s] Level 1:colcon.colcon_core.environment:checking '/my_source/ros2_ws/install/cpp_pubsub/bin'
[0.471s] Level 1:colcon.colcon_core.environment:checking '/my_source/ros2_ws/install/cpp_pubsub/lib/pkgconfig/cpp_pubsub.pc'
[0.473s] Level 1:colcon.colcon_core.environment:checking '/my_source/ros2_ws/install/cpp_pubsub/lib/python3.10/site-packages'
[0.473s] Level 1:colcon.colcon_core.environment:checking '/my_source/ros2_ws/install/cpp_pubsub/bin'
[0.473s] INFO:colcon.colcon_core.shell:Creating package script '/my_source/ros2_ws/install/cpp_pubsub/share/cpp_pubsub/package.ps1'
[0.475s] INFO:colcon.colcon_core.shell:Creating package descriptor '/my_source/ros2_ws/install/cpp_pubsub/share/cpp_pubsub/package.dsv'
[0.475s] INFO:colcon.colcon_core.shell:Creating package script '/my_source/ros2_ws/install/cpp_pubsub/share/cpp_pubsub/package.sh'
[0.476s] INFO:colcon.colcon_core.shell:Creating package script '/my_source/ros2_ws/install/cpp_pubsub/share/cpp_pubsub/package.bash'
[0.477s] INFO:colcon.colcon_core.shell:Creating package script '/my_source/ros2_ws/install/cpp_pubsub/share/cpp_pubsub/package.zsh'
[0.478s] Level 1:colcon.colcon_core.environment:create_file_with_runtime_dependencies(/my_source/ros2_ws/install/cpp_pubsub/share/colcon-core/packages/cpp_pubsub)
[0.502s] Level 1:colcon.colcon_core.environment:create_environment_scripts_only(cpp_pubsub)
[0.502s] Level 1:colcon.colcon_core.environment:checking '/my_source/ros2_ws/install/cpp_pubsub' for CMake module files
[0.503s] Level 1:colcon.colcon_core.environment:checking '/my_source/ros2_ws/install/cpp_pubsub' for CMake config files
[0.503s] Level 1:colcon.colcon_core.shell:create_environment_hook('cpp_pubsub', 'cmake_prefix_path')
[0.503s] INFO:colcon.colcon_core.shell:Creating environment hook '/my_source/ros2_ws/install/cpp_pubsub/share/cpp_pubsub/hook/cmake_prefix_path.ps1'
[0.504s] INFO:colcon.colcon_core.shell:Creating environment descriptor '/my_source/ros2_ws/install/cpp_pubsub/share/cpp_pubsub/hook/cmake_prefix_path.dsv'
[0.504s] INFO:colcon.colcon_core.shell:Creating environment hook '/my_source/ros2_ws/install/cpp_pubsub/share/cpp_pubsub/hook/cmake_prefix_path.sh'
[0.505s] Level 1:colcon.colcon_core.environment:checking '/my_source/ros2_ws/install/cpp_pubsub/lib'
[0.505s] Level 1:colcon.colcon_core.environment:checking '/my_source/ros2_ws/install/cpp_pubsub/bin'
[0.505s] Level 1:colcon.colcon_core.environment:checking '/my_source/ros2_ws/install/cpp_pubsub/lib/pkgconfig/cpp_pubsub.pc'
[0.505s] Level 1:colcon.colcon_core.environment:checking '/my_source/ros2_ws/install/cpp_pubsub/lib/python3.10/site-packages'
[0.506s] Level 1:colcon.colcon_core.environment:checking '/my_source/ros2_ws/install/cpp_pubsub/bin'
[0.506s] INFO:colcon.colcon_core.shell:Creating package script '/my_source/ros2_ws/install/cpp_pubsub/share/cpp_pubsub/package.ps1'
[0.507s] INFO:colcon.colcon_core.shell:Creating package descriptor '/my_source/ros2_ws/install/cpp_pubsub/share/cpp_pubsub/package.dsv'
[0.507s] INFO:colcon.colcon_core.shell:Creating package script '/my_source/ros2_ws/install/cpp_pubsub/share/cpp_pubsub/package.sh'
[0.508s] INFO:colcon.colcon_core.shell:Creating package script '/my_source/ros2_ws/install/cpp_pubsub/share/cpp_pubsub/package.bash'
[0.508s] INFO:colcon.colcon_core.shell:Creating package script '/my_source/ros2_ws/install/cpp_pubsub/share/cpp_pubsub/package.zsh'
[0.509s] Level 1:colcon.colcon_core.environment:create_file_with_runtime_dependencies(/my_source/ros2_ws/install/cpp_pubsub/share/colcon-core/packages/cpp_pubsub)
[0.509s] DEBUG:colcon.colcon_parallel_executor.executor.parallel:closing loop
[0.509s] DEBUG:colcon.colcon_parallel_executor.executor.parallel:loop closed
[0.509s] DEBUG:colcon.colcon_parallel_executor.executor.parallel:run_until_complete finished with '0'
[0.509s] DEBUG:colcon.colcon_core.event_reactor:joining thread
[0.515s] INFO:colcon.colcon_core.plugin_system:Skipping extension 'colcon_notification.desktop_notification.notify_send': Could not find 'notify-send'
[0.515s] INFO:colcon.colcon_core.plugin_system:Skipping extension 'colcon_notification.desktop_notification.terminal_notifier': Not used on non-Darwin systems
[0.515s] INFO:colcon.colcon_core.plugin_system:Skipping extension 'colcon_notification.desktop_notification.win32': Not used on non-Windows systems
[0.515s] INFO:colcon.colcon_notification.desktop_notification:Sending desktop notification using 'notify2'
[0.515s] DEBUG:colcon.colcon_notification.desktop_notification.notify2:Failed to initialize notify2: org.freedesktop.DBus.Error.InvalidFileContent: D-Bus library appears to be incorrectly set up: see the manual page for dbus-uuidgen to correct this issue. (Failed to open "/var/lib/dbus/machine-id": No such file or directory; UUID file '/etc/machine-id' should contain a hex string of length 32, not length 0, with no other text)
[0.515s] DEBUG:colcon.colcon_core.event_reactor:joined thread
[0.515s] INFO:colcon.colcon_core.shell:Creating prefix script '/my_source/ros2_ws/install/local_setup.ps1'
[0.516s] INFO:colcon.colcon_core.shell:Creating prefix util module '/my_source/ros2_ws/install/_local_setup_util_ps1.py'
[0.517s] INFO:colcon.colcon_core.shell:Creating prefix chain script '/my_source/ros2_ws/install/setup.ps1'
[0.518s] INFO:colcon.colcon_core.shell:Creating prefix script '/my_source/ros2_ws/install/local_setup.sh'
[0.518s] INFO:colcon.colcon_core.shell:Creating prefix util module '/my_source/ros2_ws/install/_local_setup_util_sh.py'
[0.519s] INFO:colcon.colcon_core.shell:Creating prefix chain script '/my_source/ros2_ws/install/setup.sh'
[0.520s] INFO:colcon.colcon_core.shell:Creating prefix script '/my_source/ros2_ws/install/local_setup.bash'
[0.520s] INFO:colcon.colcon_core.shell:Creating prefix chain script '/my_source/ros2_ws/install/setup.bash'
[0.521s] INFO:colcon.colcon_core.shell:Creating prefix script '/my_source/ros2_ws/install/local_setup.zsh'
[0.522s] INFO:colcon.colcon_core.shell:Creating prefix chain script '/my_source/ros2_ws/install/setup.zsh'
