[0.009s] Invoking command in '/my_source/ros2_ws/build/cpp_pubsub': CMAKE_PREFIX_PATH=/opt/ros/humble /usr/bin/cmake /my_source/ros2_ws/src/cpp_pubsub -DCMAKE_INSTALL_PREFIX=/my_source/ros2_ws/install/cpp_pubsub
[0.058s] -- The C compiler identification is GNU 11.4.0
[0.107s] -- The CXX compiler identification is GNU 11.4.0
[0.114s] -- Detecting C compiler ABI info
[0.172s] -- Detecting C compiler ABI info - done
[0.179s] -- Check for working C compiler: /usr/bin/cc - skipped
[0.179s] -- Detecting C compile features
[0.179s] -- Detecting C compile features - done
[0.182s] -- Detecting CXX compiler ABI info
[0.250s] -- Detecting CXX compiler ABI info - done
[0.259s] -- Check for working CXX compiler: /usr/bin/c++ - skipped
[0.260s] -- Detecting CXX compile features
[0.260s] -- Detecting CXX compile features - done
[0.268s] -- Found ament_cmake: 1.3.10 (/opt/ros/humble/share/ament_cmake/cmake)
[0.377s] -- Found Python3: /usr/bin/python3 (found version "3.10.12") found components: Interpreter 
[0.470s] -- Found rclcpp: 16.0.10 (/opt/ros/humble/share/rclcpp/cmake)
[0.522s] -- Found rosidl_generator_c: 3.1.5 (/opt/ros/humble/share/rosidl_generator_c/cmake)
[0.527s] -- Found rosidl_adapter: 3.1.5 (/opt/ros/humble/share/rosidl_adapter/cmake)
[0.537s] -- Found rosidl_generator_cpp: 3.1.5 (/opt/ros/humble/share/rosidl_generator_cpp/cmake)
[0.551s] -- Using all available rosidl_typesupport_c: rosidl_typesupport_fastrtps_c;rosidl_typesupport_introspection_c
[0.568s] -- Using all available rosidl_typesupport_cpp: rosidl_typesupport_fastrtps_cpp;rosidl_typesupport_introspection_cpp
[0.618s] -- Found rmw_implementation_cmake: 6.1.2 (/opt/ros/humble/share/rmw_implementation_cmake/cmake)
[0.621s] -- Found rmw_fastrtps_cpp: 6.2.7 (/opt/ros/humble/share/rmw_fastrtps_cpp/cmake)
[0.696s] -- Found OpenSSL: /usr/lib/x86_64-linux-gnu/libcrypto.so (found version "3.0.2")  
[0.715s] -- Found FastRTPS: /opt/ros/humble/include  
[0.739s] -- Using RMW implementation 'rmw_fastrtps_cpp' as default
[0.748s] -- Looking for pthread.h
[0.817s] -- Looking for pthread.h - found
[0.818s] -- Performing Test CMAKE_HAVE_LIBC_PTHREAD
[0.946s] -- Performing Test CMAKE_HAVE_LIBC_PTHREAD - Success
[0.947s] -- Found Threads: TRUE  
[1.064s] -- Configuring done
[1.074s] -- Generating done
[1.076s] -- Build files have been written to: /my_source/ros2_ws/build/cpp_pubsub
[1.082s] Invoked command in '/my_source/ros2_ws/build/cpp_pubsub' returned '0': CMAKE_PREFIX_PATH=/opt/ros/humble /usr/bin/cmake /my_source/ros2_ws/src/cpp_pubsub -DCMAKE_INSTALL_PREFIX=/my_source/ros2_ws/install/cpp_pubsub
[1.084s] Invoking command in '/my_source/ros2_ws/build/cpp_pubsub': CMAKE_PREFIX_PATH=/opt/ros/humble /usr/bin/cmake --build /my_source/ros2_ws/build/cpp_pubsub -- -j8 -l8
[1.126s] [ 50%] [32mBuilding CXX object CMakeFiles/listener.dir/src/subscriber_member_function.cpp.o[0m
[1.126s] [ 50%] [32mBuilding CXX object CMakeFiles/talker.dir/src/publisher_member_function.cpp.o[0m
[5.162s] [ 75%] [32m[1mLinking CXX executable talker[0m
[5.363s] [ 75%] Built target talker
[8.302s] [100%] [32m[1mLinking CXX executable listener[0m
[8.617s] [100%] Built target listener
[8.626s] Invoked command in '/my_source/ros2_ws/build/cpp_pubsub' returned '0': CMAKE_PREFIX_PATH=/opt/ros/humble /usr/bin/cmake --build /my_source/ros2_ws/build/cpp_pubsub -- -j8 -l8
[8.657s] Invoking command in '/my_source/ros2_ws/build/cpp_pubsub': CMAKE_PREFIX_PATH=/opt/ros/humble /usr/bin/cmake --install /my_source/ros2_ws/build/cpp_pubsub
[8.663s] -- Install configuration: ""
[8.663s] -- Installing: /my_source/ros2_ws/install/cpp_pubsub/lib/cpp_pubsub/talker
[8.664s] -- Set runtime path of "/my_source/ros2_ws/install/cpp_pubsub/lib/cpp_pubsub/talker" to ""
[8.664s] -- Installing: /my_source/ros2_ws/install/cpp_pubsub/lib/cpp_pubsub/listener
[8.667s] -- Set runtime path of "/my_source/ros2_ws/install/cpp_pubsub/lib/cpp_pubsub/listener" to ""
[8.667s] -- Installing: /my_source/ros2_ws/install/cpp_pubsub/share/ament_index/resource_index/package_run_dependencies/cpp_pubsub
[8.667s] -- Installing: /my_source/ros2_ws/install/cpp_pubsub/share/ament_index/resource_index/parent_prefix_path/cpp_pubsub
[8.667s] -- Installing: /my_source/ros2_ws/install/cpp_pubsub/share/cpp_pubsub/environment/ament_prefix_path.sh
[8.668s] -- Installing: /my_source/ros2_ws/install/cpp_pubsub/share/cpp_pubsub/environment/ament_prefix_path.dsv
[8.668s] -- Installing: /my_source/ros2_ws/install/cpp_pubsub/share/cpp_pubsub/environment/path.sh
[8.668s] -- Installing: /my_source/ros2_ws/install/cpp_pubsub/share/cpp_pubsub/environment/path.dsv
[8.668s] -- Installing: /my_source/ros2_ws/install/cpp_pubsub/share/cpp_pubsub/local_setup.bash
[8.668s] -- Installing: /my_source/ros2_ws/install/cpp_pubsub/share/cpp_pubsub/local_setup.sh
[8.668s] -- Installing: /my_source/ros2_ws/install/cpp_pubsub/share/cpp_pubsub/local_setup.zsh
[8.669s] -- Installing: /my_source/ros2_ws/install/cpp_pubsub/share/cpp_pubsub/local_setup.dsv
[8.669s] -- Installing: /my_source/ros2_ws/install/cpp_pubsub/share/cpp_pubsub/package.dsv
[8.669s] -- Installing: /my_source/ros2_ws/install/cpp_pubsub/share/ament_index/resource_index/packages/cpp_pubsub
[8.669s] -- Installing: /my_source/ros2_ws/install/cpp_pubsub/share/cpp_pubsub/cmake/cpp_pubsubConfig.cmake
[8.669s] -- Installing: /my_source/ros2_ws/install/cpp_pubsub/share/cpp_pubsub/cmake/cpp_pubsubConfig-version.cmake
[8.669s] -- Installing: /my_source/ros2_ws/install/cpp_pubsub/share/cpp_pubsub/package.xml
[8.671s] Invoked command in '/my_source/ros2_ws/build/cpp_pubsub' returned '0': CMAKE_PREFIX_PATH=/opt/ros/humble /usr/bin/cmake --install /my_source/ros2_ws/build/cpp_pubsub
