[0.097s] DEBUG:colcon:Command line arguments: ['/usr/bin/colcon', 'build']
[0.097s] DEBUG:colcon:Parsed command line arguments: Namespace(log_base=None, log_level=None, verb_name='build', build_base='build', install_base='install', merge_install=False, symlink_install=False, test_result_base=None, continue_on_error=False, executor='parallel', parallel_workers=8, event_handlers=None, ignore_user_meta=False, metas=['./colcon.meta'], base_paths=['.'], packages_ignore=None, packages_ignore_regex=None, paths=None, packages_up_to=None, packages_up_to_regex=None, packages_above=None, packages_above_and_dependencies=None, packages_above_depth=None, packages_select_by_dep=None, packages_skip_by_dep=None, packages_skip_up_to=None, packages_select_build_failed=False, packages_skip_build_finished=False, packages_select_test_failures=False, packages_skip_test_passed=False, packages_select=None, packages_skip=None, packages_select_regex=None, packages_skip_regex=None, packages_start=None, packages_end=None, cmake_args=None, cmake_target=None, cmake_target_skip_unavailable=False, cmake_clean_cache=False, cmake_clean_first=False, cmake_force_configure=False, ament_cmake_args=None, catkin_cmake_args=None, catkin_skip_building_tests=False, mixin_files=None, mixin=None, verb_parser=<colcon_mixin.mixin.mixin_argument.MixinArgumentDecorator object at 0x73a153b5e290>, verb_extension=<colcon_core.verb.build.BuildVerb object at 0x73a153cdfaf0>, main=<bound method BuildVerb.main of <colcon_core.verb.build.BuildVerb object at 0x73a153cdfaf0>>, mixin_verb=('build',))
[0.207s] Level 1:colcon.colcon_core.package_discovery:discover_packages(colcon_meta) check parameters
[0.207s] Level 1:colcon.colcon_core.package_discovery:discover_packages(recursive) check parameters
[0.207s] Level 1:colcon.colcon_core.package_discovery:discover_packages(ignore) check parameters
[0.207s] Level 1:colcon.colcon_core.package_discovery:discover_packages(path) check parameters
[0.208s] Level 1:colcon.colcon_core.package_discovery:discover_packages(colcon_meta) discover
[0.208s] Level 1:colcon.colcon_core.package_discovery:discover_packages(recursive) discover
[0.208s] INFO:colcon.colcon_core.package_discovery:Crawling recursively for packages in '/my_source/ros2_ws'
[0.208s] Level 1:colcon.colcon_core.package_identification:_identify(.) by extensions ['ignore', 'ignore_ament_install']
[0.208s] Level 1:colcon.colcon_core.package_identification:_identify(.) by extension 'ignore'
[0.208s] Level 1:colcon.colcon_core.package_identification:_identify(.) by extension 'ignore_ament_install'
[0.208s] Level 1:colcon.colcon_core.package_identification:_identify(.) by extensions ['colcon_pkg']
[0.208s] Level 1:colcon.colcon_core.package_identification:_identify(.) by extension 'colcon_pkg'
[0.208s] Level 1:colcon.colcon_core.package_identification:_identify(.) by extensions ['colcon_meta']
[0.208s] Level 1:colcon.colcon_core.package_identification:_identify(.) by extension 'colcon_meta'
[0.208s] Level 1:colcon.colcon_core.package_identification:_identify(.) by extensions ['ros']
[0.208s] Level 1:colcon.colcon_core.package_identification:_identify(.) by extension 'ros'
[0.217s] Level 1:colcon.colcon_core.package_identification:_identify(.) by extensions ['cmake', 'python']
[0.217s] Level 1:colcon.colcon_core.package_identification:_identify(.) by extension 'cmake'
[0.217s] Level 1:colcon.colcon_core.package_identification:_identify(.) by extension 'python'
[0.217s] Level 1:colcon.colcon_core.package_identification:_identify(.) by extensions ['python_setup_py']
[0.217s] Level 1:colcon.colcon_core.package_identification:_identify(.) by extension 'python_setup_py'
[0.217s] Level 1:colcon.colcon_core.package_identification:_identify(build) by extensions ['ignore', 'ignore_ament_install']
[0.218s] Level 1:colcon.colcon_core.package_identification:_identify(build) by extension 'ignore'
[0.218s] Level 1:colcon.colcon_core.package_identification:_identify(build) ignored
[0.218s] Level 1:colcon.colcon_core.package_identification:_identify(install) by extensions ['ignore', 'ignore_ament_install']
[0.218s] Level 1:colcon.colcon_core.package_identification:_identify(install) by extension 'ignore'
[0.218s] Level 1:colcon.colcon_core.package_identification:_identify(install) ignored
[0.218s] Level 1:colcon.colcon_core.package_identification:_identify(log) by extensions ['ignore', 'ignore_ament_install']
[0.218s] Level 1:colcon.colcon_core.package_identification:_identify(log) by extension 'ignore'
[0.218s] Level 1:colcon.colcon_core.package_identification:_identify(log) ignored
[0.218s] Level 1:colcon.colcon_core.package_identification:_identify(src) by extensions ['ignore', 'ignore_ament_install']
[0.218s] Level 1:colcon.colcon_core.package_identification:_identify(src) by extension 'ignore'
[0.218s] Level 1:colcon.colcon_core.package_identification:_identify(src) by extension 'ignore_ament_install'
[0.218s] Level 1:colcon.colcon_core.package_identification:_identify(src) by extensions ['colcon_pkg']
[0.218s] Level 1:colcon.colcon_core.package_identification:_identify(src) by extension 'colcon_pkg'
[0.218s] Level 1:colcon.colcon_core.package_identification:_identify(src) by extensions ['colcon_meta']
[0.218s] Level 1:colcon.colcon_core.package_identification:_identify(src) by extension 'colcon_meta'
[0.218s] Level 1:colcon.colcon_core.package_identification:_identify(src) by extensions ['ros']
[0.218s] Level 1:colcon.colcon_core.package_identification:_identify(src) by extension 'ros'
[0.218s] Level 1:colcon.colcon_core.package_identification:_identify(src) by extensions ['cmake', 'python']
[0.218s] Level 1:colcon.colcon_core.package_identification:_identify(src) by extension 'cmake'
[0.218s] Level 1:colcon.colcon_core.package_identification:_identify(src) by extension 'python'
[0.218s] Level 1:colcon.colcon_core.package_identification:_identify(src) by extensions ['python_setup_py']
[0.218s] Level 1:colcon.colcon_core.package_identification:_identify(src) by extension 'python_setup_py'
[0.219s] Level 1:colcon.colcon_core.package_identification:_identify(src/cpp_pubsub) by extensions ['ignore', 'ignore_ament_install']
[0.219s] Level 1:colcon.colcon_core.package_identification:_identify(src/cpp_pubsub) by extension 'ignore'
[0.219s] Level 1:colcon.colcon_core.package_identification:_identify(src/cpp_pubsub) by extension 'ignore_ament_install'
[0.219s] Level 1:colcon.colcon_core.package_identification:_identify(src/cpp_pubsub) by extensions ['colcon_pkg']
[0.219s] Level 1:colcon.colcon_core.package_identification:_identify(src/cpp_pubsub) by extension 'colcon_pkg'
[0.219s] Level 1:colcon.colcon_core.package_identification:_identify(src/cpp_pubsub) by extensions ['colcon_meta']
[0.219s] Level 1:colcon.colcon_core.package_identification:_identify(src/cpp_pubsub) by extension 'colcon_meta'
[0.219s] Level 1:colcon.colcon_core.package_identification:_identify(src/cpp_pubsub) by extensions ['ros']
[0.219s] Level 1:colcon.colcon_core.package_identification:_identify(src/cpp_pubsub) by extension 'ros'
[0.221s] DEBUG:colcon.colcon_core.package_identification:Package 'src/cpp_pubsub' with type 'ros.ament_cmake' and name 'cpp_pubsub'
[0.221s] Level 1:colcon.colcon_core.package_discovery:discover_packages(recursive) using defaults
[0.221s] Level 1:colcon.colcon_core.package_discovery:discover_packages(ignore) discover
[0.221s] Level 1:colcon.colcon_core.package_discovery:discover_packages(ignore) using defaults
[0.221s] Level 1:colcon.colcon_core.package_discovery:discover_packages(path) discover
[0.221s] Level 1:colcon.colcon_core.package_discovery:discover_packages(path) using defaults
[0.237s] Level 5:colcon.colcon_core.verb:set package 'cpp_pubsub' build argument 'cmake_args' from command line to 'None'
[0.237s] Level 5:colcon.colcon_core.verb:set package 'cpp_pubsub' build argument 'cmake_target' from command line to 'None'
[0.237s] Level 5:colcon.colcon_core.verb:set package 'cpp_pubsub' build argument 'cmake_target_skip_unavailable' from command line to 'False'
[0.237s] Level 5:colcon.colcon_core.verb:set package 'cpp_pubsub' build argument 'cmake_clean_cache' from command line to 'False'
[0.237s] Level 5:colcon.colcon_core.verb:set package 'cpp_pubsub' build argument 'cmake_clean_first' from command line to 'False'
[0.237s] Level 5:colcon.colcon_core.verb:set package 'cpp_pubsub' build argument 'cmake_force_configure' from command line to 'False'
[0.237s] Level 5:colcon.colcon_core.verb:set package 'cpp_pubsub' build argument 'ament_cmake_args' from command line to 'None'
[0.237s] Level 5:colcon.colcon_core.verb:set package 'cpp_pubsub' build argument 'catkin_cmake_args' from command line to 'None'
[0.237s] Level 5:colcon.colcon_core.verb:set package 'cpp_pubsub' build argument 'catkin_skip_building_tests' from command line to 'False'
[0.237s] DEBUG:colcon.colcon_core.verb:Building package 'cpp_pubsub' with the following arguments: {'ament_cmake_args': None, 'build_base': '/my_source/ros2_ws/build/cpp_pubsub', 'catkin_cmake_args': None, 'catkin_skip_building_tests': False, 'cmake_args': None, 'cmake_clean_cache': False, 'cmake_clean_first': False, 'cmake_force_configure': False, 'cmake_target': None, 'cmake_target_skip_unavailable': False, 'install_base': '/my_source/ros2_ws/install/cpp_pubsub', 'merge_install': False, 'path': '/my_source/ros2_ws/src/cpp_pubsub', 'symlink_install': False, 'test_result_base': None}
[0.237s] INFO:colcon.colcon_core.executor:Executing jobs using 'parallel' executor
[0.239s] DEBUG:colcon.colcon_parallel_executor.executor.parallel:run_until_complete
[0.239s] INFO:colcon.colcon_ros.task.ament_cmake.build:Building ROS package in '/my_source/ros2_ws/src/cpp_pubsub' with build type 'ament_cmake'
[0.239s] INFO:colcon.colcon_cmake.task.cmake.build:Building CMake package in '/my_source/ros2_ws/src/cpp_pubsub'
[0.241s] INFO:colcon.colcon_core.plugin_system:Skipping extension 'colcon_core.shell.bat': Not used on non-Windows systems
[0.241s] INFO:colcon.colcon_core.shell:Skip shell extension 'powershell' for command environment: Not usable outside of PowerShell
[0.242s] DEBUG:colcon.colcon_core.shell:Skip shell extension 'dsv' for command environment
[0.248s] DEBUG:colcon.colcon_core.event_handler.log_command:Invoking command in '/my_source/ros2_ws/build/cpp_pubsub': CMAKE_PREFIX_PATH=/opt/ros/humble /usr/bin/cmake /my_source/ros2_ws/src/cpp_pubsub -DCMAKE_INSTALL_PREFIX=/my_source/ros2_ws/install/cpp_pubsub
[1.322s] DEBUG:colcon.colcon_core.event_handler.log_command:Invoked command in '/my_source/ros2_ws/build/cpp_pubsub' returned '0': CMAKE_PREFIX_PATH=/opt/ros/humble /usr/bin/cmake /my_source/ros2_ws/src/cpp_pubsub -DCMAKE_INSTALL_PREFIX=/my_source/ros2_ws/install/cpp_pubsub
[1.323s] DEBUG:colcon.colcon_core.event_handler.log_command:Invoking command in '/my_source/ros2_ws/build/cpp_pubsub': CMAKE_PREFIX_PATH=/opt/ros/humble /usr/bin/cmake --build /my_source/ros2_ws/build/cpp_pubsub -- -j8 -l8
[8.866s] DEBUG:colcon.colcon_core.event_handler.log_command:Invoked command in '/my_source/ros2_ws/build/cpp_pubsub' returned '0': CMAKE_PREFIX_PATH=/opt/ros/humble /usr/bin/cmake --build /my_source/ros2_ws/build/cpp_pubsub -- -j8 -l8
[8.896s] DEBUG:colcon.colcon_core.event_handler.log_command:Invoking command in '/my_source/ros2_ws/build/cpp_pubsub': CMAKE_PREFIX_PATH=/opt/ros/humble /usr/bin/cmake --install /my_source/ros2_ws/build/cpp_pubsub
[8.910s] Level 1:colcon.colcon_core.environment:create_environment_scripts_only(cpp_pubsub)
[8.911s] DEBUG:colcon.colcon_core.event_handler.log_command:Invoked command in '/my_source/ros2_ws/build/cpp_pubsub' returned '0': CMAKE_PREFIX_PATH=/opt/ros/humble /usr/bin/cmake --install /my_source/ros2_ws/build/cpp_pubsub
[8.914s] Level 1:colcon.colcon_core.environment:checking '/my_source/ros2_ws/install/cpp_pubsub' for CMake module files
[8.915s] Level 1:colcon.colcon_core.environment:checking '/my_source/ros2_ws/install/cpp_pubsub' for CMake config files
[8.915s] Level 1:colcon.colcon_core.shell:create_environment_hook('cpp_pubsub', 'cmake_prefix_path')
[8.915s] INFO:colcon.colcon_core.shell:Creating environment hook '/my_source/ros2_ws/install/cpp_pubsub/share/cpp_pubsub/hook/cmake_prefix_path.ps1'
[8.916s] INFO:colcon.colcon_core.shell:Creating environment descriptor '/my_source/ros2_ws/install/cpp_pubsub/share/cpp_pubsub/hook/cmake_prefix_path.dsv'
[8.917s] INFO:colcon.colcon_core.shell:Creating environment hook '/my_source/ros2_ws/install/cpp_pubsub/share/cpp_pubsub/hook/cmake_prefix_path.sh'
[8.918s] Level 1:colcon.colcon_core.environment:checking '/my_source/ros2_ws/install/cpp_pubsub/lib'
[8.918s] Level 1:colcon.colcon_core.environment:checking '/my_source/ros2_ws/install/cpp_pubsub/bin'
[8.918s] Level 1:colcon.colcon_core.environment:checking '/my_source/ros2_ws/install/cpp_pubsub/lib/pkgconfig/cpp_pubsub.pc'
[8.920s] Level 1:colcon.colcon_core.environment:checking '/my_source/ros2_ws/install/cpp_pubsub/lib/python3.10/site-packages'
[8.920s] Level 1:colcon.colcon_core.environment:checking '/my_source/ros2_ws/install/cpp_pubsub/bin'
[8.921s] INFO:colcon.colcon_core.shell:Creating package script '/my_source/ros2_ws/install/cpp_pubsub/share/cpp_pubsub/package.ps1'
[8.921s] INFO:colcon.colcon_core.shell:Creating package descriptor '/my_source/ros2_ws/install/cpp_pubsub/share/cpp_pubsub/package.dsv'
[8.922s] INFO:colcon.colcon_core.shell:Creating package script '/my_source/ros2_ws/install/cpp_pubsub/share/cpp_pubsub/package.sh'
[8.923s] INFO:colcon.colcon_core.shell:Creating package script '/my_source/ros2_ws/install/cpp_pubsub/share/cpp_pubsub/package.bash'
[8.923s] INFO:colcon.colcon_core.shell:Creating package script '/my_source/ros2_ws/install/cpp_pubsub/share/cpp_pubsub/package.zsh'
[8.924s] Level 1:colcon.colcon_core.environment:create_file_with_runtime_dependencies(/my_source/ros2_ws/install/cpp_pubsub/share/colcon-core/packages/cpp_pubsub)
[8.947s] Level 1:colcon.colcon_core.environment:create_environment_scripts_only(cpp_pubsub)
[8.947s] Level 1:colcon.colcon_core.environment:checking '/my_source/ros2_ws/install/cpp_pubsub' for CMake module files
[8.947s] Level 1:colcon.colcon_core.environment:checking '/my_source/ros2_ws/install/cpp_pubsub' for CMake config files
[8.948s] Level 1:colcon.colcon_core.shell:create_environment_hook('cpp_pubsub', 'cmake_prefix_path')
[8.948s] INFO:colcon.colcon_core.shell:Creating environment hook '/my_source/ros2_ws/install/cpp_pubsub/share/cpp_pubsub/hook/cmake_prefix_path.ps1'
[8.948s] INFO:colcon.colcon_core.shell:Creating environment descriptor '/my_source/ros2_ws/install/cpp_pubsub/share/cpp_pubsub/hook/cmake_prefix_path.dsv'
[8.949s] INFO:colcon.colcon_core.shell:Creating environment hook '/my_source/ros2_ws/install/cpp_pubsub/share/cpp_pubsub/hook/cmake_prefix_path.sh'
[8.949s] Level 1:colcon.colcon_core.environment:checking '/my_source/ros2_ws/install/cpp_pubsub/lib'
[8.949s] Level 1:colcon.colcon_core.environment:checking '/my_source/ros2_ws/install/cpp_pubsub/bin'
[8.949s] Level 1:colcon.colcon_core.environment:checking '/my_source/ros2_ws/install/cpp_pubsub/lib/pkgconfig/cpp_pubsub.pc'
[8.949s] Level 1:colcon.colcon_core.environment:checking '/my_source/ros2_ws/install/cpp_pubsub/lib/python3.10/site-packages'
[8.949s] Level 1:colcon.colcon_core.environment:checking '/my_source/ros2_ws/install/cpp_pubsub/bin'
[8.950s] INFO:colcon.colcon_core.shell:Creating package script '/my_source/ros2_ws/install/cpp_pubsub/share/cpp_pubsub/package.ps1'
[8.950s] INFO:colcon.colcon_core.shell:Creating package descriptor '/my_source/ros2_ws/install/cpp_pubsub/share/cpp_pubsub/package.dsv'
[8.950s] INFO:colcon.colcon_core.shell:Creating package script '/my_source/ros2_ws/install/cpp_pubsub/share/cpp_pubsub/package.sh'
[8.951s] INFO:colcon.colcon_core.shell:Creating package script '/my_source/ros2_ws/install/cpp_pubsub/share/cpp_pubsub/package.bash'
[8.951s] INFO:colcon.colcon_core.shell:Creating package script '/my_source/ros2_ws/install/cpp_pubsub/share/cpp_pubsub/package.zsh'
[8.951s] Level 1:colcon.colcon_core.environment:create_file_with_runtime_dependencies(/my_source/ros2_ws/install/cpp_pubsub/share/colcon-core/packages/cpp_pubsub)
[8.952s] DEBUG:colcon.colcon_parallel_executor.executor.parallel:closing loop
[8.952s] DEBUG:colcon.colcon_parallel_executor.executor.parallel:loop closed
[8.952s] DEBUG:colcon.colcon_parallel_executor.executor.parallel:run_until_complete finished with '0'
[8.952s] DEBUG:colcon.colcon_core.event_reactor:joining thread
[8.961s] INFO:colcon.colcon_core.plugin_system:Skipping extension 'colcon_notification.desktop_notification.notify_send': Could not find 'notify-send'
[8.961s] INFO:colcon.colcon_core.plugin_system:Skipping extension 'colcon_notification.desktop_notification.terminal_notifier': Not used on non-Darwin systems
[8.961s] INFO:colcon.colcon_core.plugin_system:Skipping extension 'colcon_notification.desktop_notification.win32': Not used on non-Windows systems
[8.961s] INFO:colcon.colcon_notification.desktop_notification:Sending desktop notification using 'notify2'
[8.962s] DEBUG:colcon.colcon_notification.desktop_notification.notify2:Failed to initialize notify2: org.freedesktop.DBus.Error.InvalidFileContent: D-Bus library appears to be incorrectly set up: see the manual page for dbus-uuidgen to correct this issue. (Failed to open "/var/lib/dbus/machine-id": No such file or directory; UUID file '/etc/machine-id' should contain a hex string of length 32, not length 0, with no other text)
[8.962s] DEBUG:colcon.colcon_core.event_reactor:joined thread
[8.962s] INFO:colcon.colcon_core.shell:Creating prefix script '/my_source/ros2_ws/install/local_setup.ps1'
[8.963s] INFO:colcon.colcon_core.shell:Creating prefix util module '/my_source/ros2_ws/install/_local_setup_util_ps1.py'
[8.964s] INFO:colcon.colcon_core.shell:Creating prefix chain script '/my_source/ros2_ws/install/setup.ps1'
[8.966s] INFO:colcon.colcon_core.shell:Creating prefix script '/my_source/ros2_ws/install/local_setup.sh'
[8.966s] INFO:colcon.colcon_core.shell:Creating prefix util module '/my_source/ros2_ws/install/_local_setup_util_sh.py'
[8.967s] INFO:colcon.colcon_core.shell:Creating prefix chain script '/my_source/ros2_ws/install/setup.sh'
[8.968s] INFO:colcon.colcon_core.shell:Creating prefix script '/my_source/ros2_ws/install/local_setup.bash'
[8.968s] INFO:colcon.colcon_core.shell:Creating prefix chain script '/my_source/ros2_ws/install/setup.bash'
[8.969s] INFO:colcon.colcon_core.shell:Creating prefix script '/my_source/ros2_ws/install/local_setup.zsh'
[8.970s] INFO:colcon.colcon_core.shell:Creating prefix chain script '/my_source/ros2_ws/install/setup.zsh'
